2014-07-31 18:32:02.114 HelloCordova[1287:70b] Multi-tasking -> Device: YES, App: YES
2014-07-31 18:32:02.147 HelloCordova[1287:70b] Unlimited access to network resources
2014-07-31 18:32:02.150 HelloCordova[1287:70b] 

Started backup to iCloud! Please be careful.
Your application might rejected by Apple if you store too much data.
For more information please read "iOS Data Storage Guidelines"
You could find it at the following address https://developer.apple.com/icloud/documentation/data-storage/ .

2014-07-31 18:32:02.578 HelloCordova[1287:70b] Resetting plugins due to page load.
2014-07-31 18:32:02.737 HelloCordova[1287:70b] Finished load of: file:///Users/lrossetti/Library/Application%20Support/iPhone%20Simulator/7.1/Applications/2020D733-6771-4DF8-B081-BA09D3ED5E92/HelloCordova.app/www/index.html
2014-07-31 18:39:23.482 HelloCordova[1837:70b] Multi-tasking -> Device: YES, App: YES
2014-07-31 18:39:23.494 HelloCordova[1837:70b] Unlimited access to network resources
2014-07-31 18:39:23.498 HelloCordova[1837:70b] 

Started backup to iCloud! Please be careful.
Your application might rejected by Apple if you store too much data.
For more information please read "iOS Data Storage Guidelines"
You could find it at the following address https://developer.apple.com/icloud/documentation/data-storage/ .

2014-07-31 18:39:23.666 HelloCordova[1837:70b] Resetting plugins due to page load.
2014-07-31 18:39:24.103 HelloCordova[1837:70b] Finished load of: file:///Users/lrossetti/Library/Application%20Support/iPhone%20Simulator/7.1/Applications/2020D733-6771-4DF8-B081-BA09D3ED5E92/HelloCordova.app/www/index.html
2014-07-31 18:40:04.261 HelloCordova[2161:70b] Multi-tasking -> Device: YES, App: YES
2014-07-31 18:40:04.272 HelloCordova[2161:70b] Unlimited access to network resources
2014-07-31 18:40:04.277 HelloCordova[2161:70b] 

Started backup to iCloud! Please be careful.
Your application might rejected by Apple if you store too much data.
For more information please read "iOS Data Storage Guidelines"
You could find it at the following address https://developer.apple.com/icloud/documentation/data-storage/ .

2014-07-31 18:40:04.465 HelloCordova[2161:70b] Resetting plugins due to page load.
2014-07-31 18:40:04.732 HelloCordova[2161:70b] Finished load of: file:///Users/lrossetti/Library/Application%20Support/iPhone%20Simulator/7.1/Applications/2020D733-6771-4DF8-B081-BA09D3ED5E92/HelloCordova.app/www/index.html
2014-07-31 18:41:06.734 HelloCordova[2495:70b] Multi-tasking -> Device: YES, App: YES
2014-07-31 18:41:06.746 HelloCordova[2495:70b] Unlimited access to network resources
2014-07-31 18:41:06.750 HelloCordova[2495:70b] 

Started backup to iCloud! Please be careful.
Your application might rejected by Apple if you store too much data.
For more information please read "iOS Data Storage Guidelines"
You could find it at the following address https://developer.apple.com/icloud/documentation/data-storage/ .

2014-07-31 18:41:06.911 HelloCordova[2495:70b] Resetting plugins due to page load.
2014-07-31 18:41:07.206 HelloCordova[2495:70b] Finished load of: file:///Users/lrossetti/Library/Application%20Support/iPhone%20Simulator/7.1/Applications/2020D733-6771-4DF8-B081-BA09D3ED5E92/HelloCordova.app/www/index.html
2014-07-31 18:46:22.249 HelloCordova[2972:70b] Multi-tasking -> Device: YES, App: YES
2014-07-31 18:46:22.261 HelloCordova[2972:70b] Unlimited access to network resources
2014-07-31 18:46:22.267 HelloCordova[2972:70b] 

Started backup to iCloud! Please be careful.
Your application might rejected by Apple if you store too much data.
For more information please read "iOS Data Storage Guidelines"
You could find it at the following address https://developer.apple.com/icloud/documentation/data-storage/ .

2014-07-31 18:46:22.611 HelloCordova[2972:70b] Resetting plugins due to page load.
2014-07-31 18:46:22.950 HelloCordova[2972:70b] Finished load of: file:///Users/lrossetti/Library/Application%20Support/iPhone%20Simulator/7.1/Applications/2020D733-6771-4DF8-B081-BA09D3ED5E92/HelloCordova.app/www/index.html#/login
2014-07-31 18:47:00.849 HelloCordova[3291:70b] Multi-tasking -> Device: YES, App: YES
2014-07-31 18:47:00.861 HelloCordova[3291:70b] Unlimited access to network resources
2014-07-31 18:47:00.865 HelloCordova[3291:70b] 

Started backup to iCloud! Please be careful.
Your application might rejected by Apple if you store too much data.
For more information please read "iOS Data Storage Guidelines"
You could find it at the following address https://developer.apple.com/icloud/documentation/data-storage/ .

2014-07-31 18:47:01.035 HelloCordova[3291:70b] Resetting plugins due to page load.
2014-07-31 18:47:01.377 HelloCordova[3291:70b] Finished load of: file:///Users/lrossetti/Library/Application%20Support/iPhone%20Simulator/7.1/Applications/2020D733-6771-4DF8-B081-BA09D3ED5E92/HelloCordova.app/www/index.html#/login
2014-07-31 18:48:01.515 HelloCordova[3622:70b] Multi-tasking -> Device: YES, App: YES
2014-07-31 18:48:01.527 HelloCordova[3622:70b] Unlimited access to network resources
2014-07-31 18:48:01.533 HelloCordova[3622:70b] 

Started backup to iCloud! Please be careful.
Your application might rejected by Apple if you store too much data.
For more information please read "iOS Data Storage Guidelines"
You could find it at the following address https://developer.apple.com/icloud/documentation/data-storage/ .

2014-07-31 18:48:01.721 HelloCordova[3622:70b] Resetting plugins due to page load.
2014-07-31 18:48:01.940 HelloCordova[3622:70b] Finished load of: file:///Users/lrossetti/Library/Application%20Support/iPhone%20Simulator/7.1/Applications/2020D733-6771-4DF8-B081-BA09D3ED5E92/HelloCordova.app/www/index.html#/login
2014-07-31 18:49:10.991 HelloCordova[3958:70b] Multi-tasking -> Device: YES, App: YES
2014-07-31 18:49:11.004 HelloCordova[3958:70b] Unlimited access to network resources
2014-07-31 18:49:11.008 HelloCordova[3958:70b] 

Started backup to iCloud! Please be careful.
Your application might rejected by Apple if you store too much data.
For more information please read "iOS Data Storage Guidelines"
You could find it at the following address https://developer.apple.com/icloud/documentation/data-storage/ .

2014-07-31 18:49:11.195 HelloCordova[3958:70b] Resetting plugins due to page load.
2014-07-31 18:49:11.438 HelloCordova[3958:70b] Finished load of: file:///Users/lrossetti/Library/Application%20Support/iPhone%20Simulator/7.1/Applications/2020D733-6771-4DF8-B081-BA09D3ED5E92/HelloCordova.app/www/index.html#/login
Terminating in response to SpringBoard's termination.
2014-07-31 18:50:58.015 HelloCordova[4321:70b] Multi-tasking -> Device: YES, App: YES
2014-07-31 18:50:58.027 HelloCordova[4321:70b] Unlimited access to network resources
2014-07-31 18:50:58.031 HelloCordova[4321:70b] 

Started backup to iCloud! Please be careful.
Your application might rejected by Apple if you store too much data.
For more information please read "iOS Data Storage Guidelines"
You could find it at the following address https://developer.apple.com/icloud/documentation/data-storage/ .

2014-07-31 18:50:58.196 HelloCordova[4321:70b] Resetting plugins due to page load.
2014-07-31 18:50:58.483 HelloCordova[4321:70b] Finished load of: file:///Users/lrossetti/Library/Application%20Support/iPhone%20Simulator/7.1/Applications/2020D733-6771-4DF8-B081-BA09D3ED5E92/HelloCordova.app/www/index.html#/login
2014-07-31 18:51:55.926 HelloCordova[4673:70b] Multi-tasking -> Device: YES, App: YES
2014-07-31 18:51:55.938 HelloCordova[4673:70b] Unlimited access to network resources
2014-07-31 18:51:55.942 HelloCordova[4673:70b] 

Started backup to iCloud! Please be careful.
Your application might rejected by Apple if you store too much data.
For more information please read "iOS Data Storage Guidelines"
You could find it at the following address https://developer.apple.com/icloud/documentation/data-storage/ .

2014-07-31 18:51:56.119 HelloCordova[4673:70b] Resetting plugins due to page load.
2014-07-31 18:51:56.453 HelloCordova[4673:70b] Finished load of: file:///Users/lrossetti/Library/Application%20Support/iPhone%20Simulator/7.1/Applications/2020D733-6771-4DF8-B081-BA09D3ED5E92/HelloCordova.app/www/index.html#/login
2014-07-31 18:53:31.412 HelloCordova[5036:70b] Multi-tasking -> Device: YES, App: YES
2014-07-31 18:53:31.425 HelloCordova[5036:70b] Unlimited access to network resources
2014-07-31 18:53:31.429 HelloCordova[5036:70b] 

Started backup to iCloud! Please be careful.
Your application might rejected by Apple if you store too much data.
For more information please read "iOS Data Storage Guidelines"
You could find it at the following address https://developer.apple.com/icloud/documentation/data-storage/ .

2014-07-31 18:53:31.597 HelloCordova[5036:70b] Resetting plugins due to page load.
2014-07-31 18:53:31.840 HelloCordova[5036:70b] Finished load of: file:///Users/lrossetti/Library/Application%20Support/iPhone%20Simulator/7.1/Applications/2020D733-6771-4DF8-B081-BA09D3ED5E92/HelloCordova.app/www/index.html#/login
Terminating in response to SpringBoard's termination.
2014-07-31 18:57:07.457 HelloCordova[5446:70b] Multi-tasking -> Device: YES, App: YES
2014-07-31 18:57:07.470 HelloCordova[5446:70b] Unlimited access to network resources
2014-07-31 18:57:07.474 HelloCordova[5446:70b] 

Started backup to iCloud! Please be careful.
Your application might rejected by Apple if you store too much data.
For more information please read "iOS Data Storage Guidelines"
You could find it at the following address https://developer.apple.com/icloud/documentation/data-storage/ .

2014-07-31 18:57:07.637 HelloCordova[5446:70b] Resetting plugins due to page load.
2014-07-31 18:57:07.916 HelloCordova[5446:70b] Finished load of: file:///Users/lrossetti/Library/Application%20Support/iPhone%20Simulator/7.1/Applications/2020D733-6771-4DF8-B081-BA09D3ED5E92/HelloCordova.app/www/index.html#/login
Terminating in response to SpringBoard's termination.
2014-07-31 19:17:24.515 HelloCordova[6336:70b] Multi-tasking -> Device: YES, App: YES
2014-07-31 19:17:24.527 HelloCordova[6336:70b] Unlimited access to network resources
2014-07-31 19:17:24.531 HelloCordova[6336:70b] 

Started backup to iCloud! Please be careful.
Your application might rejected by Apple if you store too much data.
For more information please read "iOS Data Storage Guidelines"
You could find it at the following address https://developer.apple.com/icloud/documentation/data-storage/ .

2014-07-31 19:17:24.728 HelloCordova[6336:70b] Resetting plugins due to page load.
2014-07-31 19:17:25.002 HelloCordova[6336:70b] Finished load of: file:///Users/lrossetti/Library/Application%20Support/iPhone%20Simulator/7.1/Applications/2020D733-6771-4DF8-B081-BA09D3ED5E92/HelloCordova.app/www/index.html#/login
2014-07-31 19:18:54.506 HelloCordova[6705:70b] Multi-tasking -> Device: YES, App: YES
2014-07-31 19:18:54.520 HelloCordova[6705:70b] Unlimited access to network resources
2014-07-31 19:18:54.523 HelloCordova[6705:70b] 

Started backup to iCloud! Please be careful.
Your application might rejected by Apple if you store too much data.
For more information please read "iOS Data Storage Guidelines"
You could find it at the following address https://developer.apple.com/icloud/documentation/data-storage/ .

2014-07-31 19:18:54.687 HelloCordova[6705:70b] Resetting plugins due to page load.
2014-07-31 19:18:54.991 HelloCordova[6705:70b] Finished load of: file:///Users/lrossetti/Library/Application%20Support/iPhone%20Simulator/7.1/Applications/2020D733-6771-4DF8-B081-BA09D3ED5E92/HelloCordova.app/www/index.html#/login
2014-07-31 19:22:42.397 HelloCordova[7161:70b] Multi-tasking -> Device: YES, App: YES
2014-07-31 19:22:42.409 HelloCordova[7161:70b] Unlimited access to network resources
2014-07-31 19:22:42.413 HelloCordova[7161:70b] 

Started backup to iCloud! Please be careful.
Your application might rejected by Apple if you store too much data.
For more information please read "iOS Data Storage Guidelines"
You could find it at the following address https://developer.apple.com/icloud/documentation/data-storage/ .

2014-07-31 19:22:42.597 HelloCordova[7161:70b] Resetting plugins due to page load.
2014-07-31 19:22:42.886 HelloCordova[7161:70b] Finished load of: file:///Users/lrossetti/Library/Application%20Support/iPhone%20Simulator/7.1/Applications/2020D733-6771-4DF8-B081-BA09D3ED5E92/HelloCordova.app/www/index.html#/login
2014-07-31 19:23:59.091 HelloCordova[7505:70b] Multi-tasking -> Device: YES, App: YES
2014-07-31 19:23:59.103 HelloCordova[7505:70b] Unlimited access to network resources
2014-07-31 19:23:59.108 HelloCordova[7505:70b] 

Started backup to iCloud! Please be careful.
Your application might rejected by Apple if you store too much data.
For more information please read "iOS Data Storage Guidelines"
You could find it at the following address https://developer.apple.com/icloud/documentation/data-storage/ .

2014-07-31 19:23:59.273 HelloCordova[7505:70b] Resetting plugins due to page load.
2014-07-31 19:23:59.551 HelloCordova[7505:70b] Finished load of: file:///Users/lrossetti/Library/Application%20Support/iPhone%20Simulator/7.1/Applications/2020D733-6771-4DF8-B081-BA09D3ED5E92/HelloCordova.app/www/index.html#/login
2014-07-31 19:25:14.593 HelloCordova[7845:70b] Multi-tasking -> Device: YES, App: YES
2014-07-31 19:25:14.605 HelloCordova[7845:70b] Unlimited access to network resources
2014-07-31 19:25:14.610 HelloCordova[7845:70b] 

Started backup to iCloud! Please be careful.
Your application might rejected by Apple if you store too much data.
For more information please read "iOS Data Storage Guidelines"
You could find it at the following address https://developer.apple.com/icloud/documentation/data-storage/ .

2014-07-31 19:25:14.797 HelloCordova[7845:70b] Resetting plugins due to page load.
2014-07-31 19:25:15.085 HelloCordova[7845:70b] Finished load of: file:///Users/lrossetti/Library/Application%20Support/iPhone%20Simulator/7.1/Applications/2020D733-6771-4DF8-B081-BA09D3ED5E92/HelloCordova.app/www/index.html#/login
2014-07-31 19:26:25.671 HelloCordova[8188:70b] Multi-tasking -> Device: YES, App: YES
2014-07-31 19:26:25.683 HelloCordova[8188:70b] Unlimited access to network resources
2014-07-31 19:26:25.686 HelloCordova[8188:70b] 

Started backup to iCloud! Please be careful.
Your application might rejected by Apple if you store too much data.
For more information please read "iOS Data Storage Guidelines"
You could find it at the following address https://developer.apple.com/icloud/documentation/data-storage/ .

2014-07-31 19:26:25.852 HelloCordova[8188:70b] Resetting plugins due to page load.
2014-07-31 19:26:26.160 HelloCordova[8188:70b] Finished load of: file:///Users/lrossetti/Library/Application%20Support/iPhone%20Simulator/7.1/Applications/2020D733-6771-4DF8-B081-BA09D3ED5E92/HelloCordova.app/www/index.html#/login
Terminating in response to SpringBoard's termination.
2014-07-31 19:27:09.181 HelloCordova[8512:70b] Multi-tasking -> Device: YES, App: YES
2014-07-31 19:27:09.192 HelloCordova[8512:70b] Unlimited access to network resources
2014-07-31 19:27:09.196 HelloCordova[8512:70b] 

Started backup to iCloud! Please be careful.
Your application might rejected by Apple if you store too much data.
For more information please read "iOS Data Storage Guidelines"
You could find it at the following address https://developer.apple.com/icloud/documentation/data-storage/ .

2014-07-31 19:27:09.357 HelloCordova[8512:70b] Resetting plugins due to page load.
2014-07-31 19:27:09.651 HelloCordova[8512:70b] Finished load of: file:///Users/lrossetti/Library/Application%20Support/iPhone%20Simulator/7.1/Applications/2020D733-6771-4DF8-B081-BA09D3ED5E92/HelloCordova.app/www/index.html#/login
Terminating in response to SpringBoard's termination.
2014-07-31 19:27:40.358 HelloCordova[8835:70b] Multi-tasking -> Device: YES, App: YES
2014-07-31 19:27:40.371 HelloCordova[8835:70b] Unlimited access to network resources
2014-07-31 19:27:40.375 HelloCordova[8835:70b] 

Started backup to iCloud! Please be careful.
Your application might rejected by Apple if you store too much data.
For more information please read "iOS Data Storage Guidelines"
You could find it at the following address https://developer.apple.com/icloud/documentation/data-storage/ .

2014-07-31 19:27:40.554 HelloCordova[8835:70b] Resetting plugins due to page load.
2014-07-31 19:27:40.848 HelloCordova[8835:70b] Finished load of: file:///Users/lrossetti/Library/Application%20Support/iPhone%20Simulator/7.1/Applications/2020D733-6771-4DF8-B081-BA09D3ED5E92/HelloCordova.app/www/index.html#/login
2014-07-31 19:30:10.192 HelloCordova[9213:70b] Multi-tasking -> Device: YES, App: YES
2014-07-31 19:30:10.204 HelloCordova[9213:70b] Unlimited access to network resources
2014-07-31 19:30:10.210 HelloCordova[9213:70b] 

Started backup to iCloud! Please be careful.
Your application might rejected by Apple if you store too much data.
For more information please read "iOS Data Storage Guidelines"
You could find it at the following address https://developer.apple.com/icloud/documentation/data-storage/ .

2014-07-31 19:30:10.378 HelloCordova[9213:70b] Resetting plugins due to page load.
2014-07-31 19:30:10.656 HelloCordova[9213:70b] Finished load of: file:///Users/lrossetti/Library/Application%20Support/iPhone%20Simulator/7.1/Applications/2020D733-6771-4DF8-B081-BA09D3ED5E92/HelloCordova.app/www/index.html#/login
2014-07-31 19:32:38.283 HelloCordova[9601:70b] Multi-tasking -> Device: YES, App: YES
2014-07-31 19:32:38.294 HelloCordova[9601:70b] Unlimited access to network resources
2014-07-31 19:32:38.298 HelloCordova[9601:70b] 

Started backup to iCloud! Please be careful.
Your application might rejected by Apple if you store too much data.
For more information please read "iOS Data Storage Guidelines"
You could find it at the following address https://developer.apple.com/icloud/documentation/data-storage/ .

2014-07-31 19:32:38.497 HelloCordova[9601:70b] Resetting plugins due to page load.
2014-07-31 19:32:38.762 HelloCordova[9601:70b] Finished load of: file:///Users/lrossetti/Library/Application%20Support/iPhone%20Simulator/7.1/Applications/2020D733-6771-4DF8-B081-BA09D3ED5E92/HelloCordova.app/www/index.html#/login
2014-07-31 19:33:32.466 HelloCordova[9934:70b] Multi-tasking -> Device: YES, App: YES
2014-07-31 19:33:32.478 HelloCordova[9934:70b] Unlimited access to network resources
2014-07-31 19:33:32.482 HelloCordova[9934:70b] 

Started backup to iCloud! Please be careful.
Your application might rejected by Apple if you store too much data.
For more information please read "iOS Data Storage Guidelines"
You could find it at the following address https://developer.apple.com/icloud/documentation/data-storage/ .

2014-07-31 19:33:32.652 HelloCordova[9934:70b] Resetting plugins due to page load.
2014-07-31 19:33:32.977 HelloCordova[9934:70b] Finished load of: file:///Users/lrossetti/Library/Application%20Support/iPhone%20Simulator/7.1/Applications/2020D733-6771-4DF8-B081-BA09D3ED5E92/HelloCordova.app/www/index.html#/login
2014-07-31 19:34:22.530 HelloCordova[10266:70b] Multi-tasking -> Device: YES, App: YES
2014-07-31 19:34:22.548 HelloCordova[10266:70b] Unlimited access to network resources
2014-07-31 19:34:22.555 HelloCordova[10266:70b] 

Started backup to iCloud! Please be careful.
Your application might rejected by Apple if you store too much data.
For more information please read "iOS Data Storage Guidelines"
You could find it at the following address https://developer.apple.com/icloud/documentation/data-storage/ .

2014-07-31 19:34:22.725 HelloCordova[10266:70b] Resetting plugins due to page load.
2014-07-31 19:34:23.031 HelloCordova[10266:70b] Finished load of: file:///Users/lrossetti/Library/Application%20Support/iPhone%20Simulator/7.1/Applications/2020D733-6771-4DF8-B081-BA09D3ED5E92/HelloCordova.app/www/index.html#/login
2014-07-31 19:36:22.517 HelloCordova[10632:70b] Multi-tasking -> Device: YES, App: YES
2014-07-31 19:36:22.528 HelloCordova[10632:70b] Unlimited access to network resources
2014-07-31 19:36:22.534 HelloCordova[10632:70b] 

Started backup to iCloud! Please be careful.
Your application might rejected by Apple if you store too much data.
For more information please read "iOS Data Storage Guidelines"
You could find it at the following address https://developer.apple.com/icloud/documentation/data-storage/ .

2014-07-31 19:36:22.722 HelloCordova[10632:70b] Resetting plugins due to page load.
2014-07-31 19:36:23.067 HelloCordova[10632:70b] Finished load of: file:///Users/lrossetti/Library/Application%20Support/iPhone%20Simulator/7.1/Applications/2020D733-6771-4DF8-B081-BA09D3ED5E92/HelloCordova.app/www/index.html#/login
Terminating in response to SpringBoard's termination.
2014-07-31 19:37:26.662 HelloCordova[10975:70b] Multi-tasking -> Device: YES, App: YES
2014-07-31 19:37:26.674 HelloCordova[10975:70b] Unlimited access to network resources
2014-07-31 19:37:26.678 HelloCordova[10975:70b] 

Started backup to iCloud! Please be careful.
Your application might rejected by Apple if you store too much data.
For more information please read "iOS Data Storage Guidelines"
You could find it at the following address https://developer.apple.com/icloud/documentation/data-storage/ .

2014-07-31 19:37:26.842 HelloCordova[10975:70b] Resetting plugins due to page load.
2014-07-31 19:37:27.174 HelloCordova[10975:70b] Finished load of: file:///Users/lrossetti/Library/Application%20Support/iPhone%20Simulator/7.1/Applications/2020D733-6771-4DF8-B081-BA09D3ED5E92/HelloCordova.app/www/index.html#/login
2014-07-31 19:40:14.186 HelloCordova[11382:70b] Multi-tasking -> Device: YES, App: YES
2014-07-31 19:40:14.197 HelloCordova[11382:70b] Unlimited access to network resources
2014-07-31 19:40:14.201 HelloCordova[11382:70b] 

Started backup to iCloud! Please be careful.
Your application might rejected by Apple if you store too much data.
For more information please read "iOS Data Storage Guidelines"
You could find it at the following address https://developer.apple.com/icloud/documentation/data-storage/ .

2014-07-31 19:40:14.366 HelloCordova[11382:70b] Resetting plugins due to page load.
2014-07-31 19:40:14.702 HelloCordova[11382:70b] Finished load of: file:///Users/lrossetti/Library/Application%20Support/iPhone%20Simulator/7.1/Applications/2020D733-6771-4DF8-B081-BA09D3ED5E92/HelloCordova.app/www/index.html#/login
2014-07-31 19:41:20.582 HelloCordova[11719:70b] Multi-tasking -> Device: YES, App: YES
2014-07-31 19:41:20.594 HelloCordova[11719:70b] Unlimited access to network resources
2014-07-31 19:41:20.597 HelloCordova[11719:70b] 

Started backup to iCloud! Please be careful.
Your application might rejected by Apple if you store too much data.
For more information please read "iOS Data Storage Guidelines"
You could find it at the following address https://developer.apple.com/icloud/documentation/data-storage/ .

2014-07-31 19:41:20.783 HelloCordova[11719:70b] Resetting plugins due to page load.
2014-07-31 19:41:21.053 HelloCordova[11719:70b] Finished load of: file:///Users/lrossetti/Library/Application%20Support/iPhone%20Simulator/7.1/Applications/2020D733-6771-4DF8-B081-BA09D3ED5E92/HelloCordova.app/www/index.html#/login
2014-07-31 19:42:29.161 HelloCordova[12061:70b] Multi-tasking -> Device: YES, App: YES
2014-07-31 19:42:29.175 HelloCordova[12061:70b] Unlimited access to network resources
2014-07-31 19:42:29.179 HelloCordova[12061:70b] 

Started backup to iCloud! Please be careful.
Your application might rejected by Apple if you store too much data.
For more information please read "iOS Data Storage Guidelines"
You could find it at the following address https://developer.apple.com/icloud/documentation/data-storage/ .

2014-07-31 19:42:29.364 HelloCordova[12061:70b] Resetting plugins due to page load.
2014-07-31 19:42:29.693 HelloCordova[12061:70b] Finished load of: file:///Users/lrossetti/Library/Application%20Support/iPhone%20Simulator/7.1/Applications/2020D733-6771-4DF8-B081-BA09D3ED5E92/HelloCordova.app/www/index.html#/login
Terminating in response to SpringBoard's termination.
2014-07-31 19:43:45.139 HelloCordova[12405:70b] Multi-tasking -> Device: YES, App: YES
2014-07-31 19:43:45.151 HelloCordova[12405:70b] Unlimited access to network resources
2014-07-31 19:43:45.154 HelloCordova[12405:70b] 

Started backup to iCloud! Please be careful.
Your application might rejected by Apple if you store too much data.
For more information please read "iOS Data Storage Guidelines"
You could find it at the following address https://developer.apple.com/icloud/documentation/data-storage/ .

2014-07-31 19:43:45.339 HelloCordova[12405:70b] Resetting plugins due to page load.
2014-07-31 19:43:45.660 HelloCordova[12405:70b] Finished load of: file:///Users/lrossetti/Library/Application%20Support/iPhone%20Simulator/7.1/Applications/2020D733-6771-4DF8-B081-BA09D3ED5E92/HelloCordova.app/www/index.html#/login
2014-07-31 19:44:02.820 HelloCordova[12405:70b] Resetting plugins due to page load.
2014-07-31 19:44:02.858 HelloCordova[12405:70b] Finished load of: file:///Users/lrossetti/Library/Application%20Support/iPhone%20Simulator/7.1/Applications/2020D733-6771-4DF8-B081-BA09D3ED5E92/HelloCordova.app/www/index.html?#/timeline
2014-07-31 19:45:04.151 HelloCordova[12750:70b] Multi-tasking -> Device: YES, App: YES
2014-07-31 19:45:04.162 HelloCordova[12750:70b] Unlimited access to network resources
2014-07-31 19:45:04.166 HelloCordova[12750:70b] 

Started backup to iCloud! Please be careful.
Your application might rejected by Apple if you store too much data.
For more information please read "iOS Data Storage Guidelines"
You could find it at the following address https://developer.apple.com/icloud/documentation/data-storage/ .

2014-07-31 19:45:04.351 HelloCordova[12750:70b] Resetting plugins due to page load.
2014-07-31 19:45:04.627 HelloCordova[12750:70b] Finished load of: file:///Users/lrossetti/Library/Application%20Support/iPhone%20Simulator/7.1/Applications/2020D733-6771-4DF8-B081-BA09D3ED5E92/HelloCordova.app/www/index.html#/login
Terminating in response to SpringBoard's termination.
2014-07-31 19:48:56.304 HelloCordova[13173:70b] Multi-tasking -> Device: YES, App: YES
2014-07-31 19:48:56.316 HelloCordova[13173:70b] Unlimited access to network resources
2014-07-31 19:48:56.320 HelloCordova[13173:70b] 

Started backup to iCloud! Please be careful.
Your application might rejected by Apple if you store too much data.
For more information please read "iOS Data Storage Guidelines"
You could find it at the following address https://developer.apple.com/icloud/documentation/data-storage/ .

2014-07-31 19:48:56.486 HelloCordova[13173:70b] Resetting plugins due to page load.
2014-07-31 19:48:56.810 HelloCordova[13173:70b] Finished load of: file:///Users/lrossetti/Library/Application%20Support/iPhone%20Simulator/7.1/Applications/2020D733-6771-4DF8-B081-BA09D3ED5E92/HelloCordova.app/www/index.html#/login
2014-07-31 19:49:30.817 HelloCordova[13495:70b] Multi-tasking -> Device: YES, App: YES
2014-07-31 19:49:30.830 HelloCordova[13495:70b] Unlimited access to network resources
2014-07-31 19:49:30.833 HelloCordova[13495:70b] 

Started backup to iCloud! Please be careful.
Your application might rejected by Apple if you store too much data.
For more information please read "iOS Data Storage Guidelines"
You could find it at the following address https://developer.apple.com/icloud/documentation/data-storage/ .

2014-07-31 19:49:31.001 HelloCordova[13495:70b] Resetting plugins due to page load.
2014-07-31 19:49:31.268 HelloCordova[13495:70b] Finished load of: file:///Users/lrossetti/Library/Application%20Support/iPhone%20Simulator/7.1/Applications/2020D733-6771-4DF8-B081-BA09D3ED5E92/HelloCordova.app/www/index.html#/login
2014-07-31 19:56:24.572 HelloCordova[14032:70b] Multi-tasking -> Device: YES, App: YES
2014-07-31 19:56:24.583 HelloCordova[14032:70b] Unlimited access to network resources
2014-07-31 19:56:24.588 HelloCordova[14032:70b] 

Started backup to iCloud! Please be careful.
Your application might rejected by Apple if you store too much data.
For more information please read "iOS Data Storage Guidelines"
You could find it at the following address https://developer.apple.com/icloud/documentation/data-storage/ .

2014-07-31 19:56:24.760 HelloCordova[14032:70b] Resetting plugins due to page load.
2014-07-31 19:56:25.093 HelloCordova[14032:70b] Finished load of: file:///Users/lrossetti/Library/Application%20Support/iPhone%20Simulator/7.1/Applications/2020D733-6771-4DF8-B081-BA09D3ED5E92/HelloCordova.app/www/index.html#/login
2014-07-31 19:57:13.169 HelloCordova[14362:70b] Multi-tasking -> Device: YES, App: YES
2014-07-31 19:57:13.181 HelloCordova[14362:70b] Unlimited access to network resources
2014-07-31 19:57:13.184 HelloCordova[14362:70b] 

Started backup to iCloud! Please be careful.
Your application might rejected by Apple if you store too much data.
For more information please read "iOS Data Storage Guidelines"
You could find it at the following address https://developer.apple.com/icloud/documentation/data-storage/ .

2014-07-31 19:57:13.354 HelloCordova[14362:70b] Resetting plugins due to page load.
2014-07-31 19:57:13.679 HelloCordova[14362:70b] Finished load of: file:///Users/lrossetti/Library/Application%20Support/iPhone%20Simulator/7.1/Applications/2020D733-6771-4DF8-B081-BA09D3ED5E92/HelloCordova.app/www/index.html#/login
2014-07-31 19:58:17.384 HelloCordova[14703:70b] Multi-tasking -> Device: YES, App: YES
2014-07-31 19:58:17.404 HelloCordova[14703:70b] Unlimited access to network resources
2014-07-31 19:58:17.409 HelloCordova[14703:70b] 

Started backup to iCloud! Please be careful.
Your application might rejected by Apple if you store too much data.
For more information please read "iOS Data Storage Guidelines"
You could find it at the following address https://developer.apple.com/icloud/documentation/data-storage/ .

2014-07-31 19:58:17.602 HelloCordova[14703:70b] Resetting plugins due to page load.
2014-07-31 19:58:17.888 HelloCordova[14703:70b] Finished load of: file:///Users/lrossetti/Library/Application%20Support/iPhone%20Simulator/7.1/Applications/2020D733-6771-4DF8-B081-BA09D3ED5E92/HelloCordova.app/www/index.html#/login
2014-07-31 20:00:26.604 HelloCordova[15358:70b] Multi-tasking -> Device: YES, App: YES
2014-07-31 20:00:26.616 HelloCordova[15358:70b] Unlimited access to network resources
2014-07-31 20:00:26.620 HelloCordova[15358:70b] 

Started backup to iCloud! Please be careful.
Your application might rejected by Apple if you store too much data.
For more information please read "iOS Data Storage Guidelines"
You could find it at the following address https://developer.apple.com/icloud/documentation/data-storage/ .

2014-07-31 20:00:26.796 HelloCordova[15358:70b] Resetting plugins due to page load.
2014-07-31 20:00:27.102 HelloCordova[15358:70b] Finished load of: file:///Users/lrossetti/Library/Application%20Support/iPhone%20Simulator/7.1/Applications/2020D733-6771-4DF8-B081-BA09D3ED5E92/HelloCordova.app/www/index.html#/login
Terminating in response to SpringBoard's termination.
2014-07-31 20:01:18.373 HelloCordova[15686:70b] Multi-tasking -> Device: YES, App: YES
2014-07-31 20:01:18.384 HelloCordova[15686:70b] Unlimited access to network resources
2014-07-31 20:01:18.389 HelloCordova[15686:70b] 

Started backup to iCloud! Please be careful.
Your application might rejected by Apple if you store too much data.
For more information please read "iOS Data Storage Guidelines"
You could find it at the following address https://developer.apple.com/icloud/documentation/data-storage/ .

2014-07-31 20:01:18.568 HelloCordova[15686:70b] Resetting plugins due to page load.
2014-07-31 20:01:18.856 HelloCordova[15686:70b] Finished load of: file:///Users/lrossetti/Library/Application%20Support/iPhone%20Simulator/7.1/Applications/2020D733-6771-4DF8-B081-BA09D3ED5E92/HelloCordova.app/www/index.html#/login
2014-07-31 20:01:56.378 HelloCordova[16018:70b] Multi-tasking -> Device: YES, App: YES
2014-07-31 20:01:56.391 HelloCordova[16018:70b] Unlimited access to network resources
2014-07-31 20:01:56.395 HelloCordova[16018:70b] 

Started backup to iCloud! Please be careful.
Your application might rejected by Apple if you store too much data.
For more information please read "iOS Data Storage Guidelines"
You could find it at the following address https://developer.apple.com/icloud/documentation/data-storage/ .

2014-07-31 20:01:56.577 HelloCordova[16018:70b] Resetting plugins due to page load.
2014-07-31 20:01:56.903 HelloCordova[16018:70b] Finished load of: file:///Users/lrossetti/Library/Application%20Support/iPhone%20Simulator/7.1/Applications/2020D733-6771-4DF8-B081-BA09D3ED5E92/HelloCordova.app/www/index.html#/login
2014-07-31 20:03:58.357 HelloCordova[16460:70b] Multi-tasking -> Device: YES, App: YES
2014-07-31 20:03:58.370 HelloCordova[16460:70b] Unlimited access to network resources
2014-07-31 20:03:58.376 HelloCordova[16460:70b] 

Started backup to iCloud! Please be careful.
Your application might rejected by Apple if you store too much data.
For more information please read "iOS Data Storage Guidelines"
You could find it at the following address https://developer.apple.com/icloud/documentation/data-storage/ .

2014-07-31 20:03:58.412 HelloCordova[16460:70b] active
2014-07-31 20:03:58.558 HelloCordova[16460:70b] Resetting plugins due to page load.
2014-07-31 20:03:58.876 HelloCordova[16460:70b] Finished load of: file:///Users/lrossetti/Library/Application%20Support/iPhone%20Simulator/7.1/Applications/2020D733-6771-4DF8-B081-BA09D3ED5E92/HelloCordova.app/www/index.html#/login
2014-07-31 20:04:56.884 HelloCordova[16803:70b] Multi-tasking -> Device: YES, App: YES
2014-07-31 20:04:56.895 HelloCordova[16803:70b] Unlimited access to network resources
2014-07-31 20:04:56.899 HelloCordova[16803:70b] 

Started backup to iCloud! Please be careful.
Your application might rejected by Apple if you store too much data.
For more information please read "iOS Data Storage Guidelines"
You could find it at the following address https://developer.apple.com/icloud/documentation/data-storage/ .

2014-07-31 20:04:56.933 HelloCordova[16803:70b] active
2014-07-31 20:04:57.082 HelloCordova[16803:70b] Resetting plugins due to page load.
2014-07-31 20:04:57.363 HelloCordova[16803:70b] Finished load of: file:///Users/lrossetti/Library/Application%20Support/iPhone%20Simulator/7.1/Applications/2020D733-6771-4DF8-B081-BA09D3ED5E92/HelloCordova.app/www/index.html#/login
2014-07-31 20:05:44.201 HelloCordova[17138:70b] Multi-tasking -> Device: YES, App: YES
2014-07-31 20:05:44.213 HelloCordova[17138:70b] Unlimited access to network resources
2014-07-31 20:05:44.220 HelloCordova[17138:70b] 

Started backup to iCloud! Please be careful.
Your application might rejected by Apple if you store too much data.
For more information please read "iOS Data Storage Guidelines"
You could find it at the following address https://developer.apple.com/icloud/documentation/data-storage/ .

2014-07-31 20:05:44.253 HelloCordova[17138:70b] active
2014-07-31 20:05:44.386 HelloCordova[17138:70b] Resetting plugins due to page load.
2014-07-31 20:05:44.732 HelloCordova[17138:70b] Finished load of: file:///Users/lrossetti/Library/Application%20Support/iPhone%20Simulator/7.1/Applications/2020D733-6771-4DF8-B081-BA09D3ED5E92/HelloCordova.app/www/index.html#/login
2014-07-31 20:11:12.967 HelloCordova[17632:70b] Multi-tasking -> Device: YES, App: YES
2014-07-31 20:11:12.978 HelloCordova[17632:70b] Unlimited access to network resources
2014-07-31 20:11:12.982 HelloCordova[17632:70b] 

Started backup to iCloud! Please be careful.
Your application might rejected by Apple if you store too much data.
For more information please read "iOS Data Storage Guidelines"
You could find it at the following address https://developer.apple.com/icloud/documentation/data-storage/ .

2014-07-31 20:11:13.036 HelloCordova[17632:70b] active
2014-07-31 20:11:13.177 HelloCordova[17632:70b] Resetting plugins due to page load.
2014-07-31 20:11:13.471 HelloCordova[17632:70b] Finished load of: file:///Users/lrossetti/Library/Application%20Support/iPhone%20Simulator/7.1/Applications/2020D733-6771-4DF8-B081-BA09D3ED5E92/HelloCordova.app/www/index.html#/login
Terminating in response to SpringBoard's termination.
2014-07-31 20:33:37.617 HelloCordova[18508:70b] Multi-tasking -> Device: YES, App: YES
2014-07-31 20:33:37.629 HelloCordova[18508:70b] Unlimited access to network resources
2014-07-31 20:33:37.634 HelloCordova[18508:70b] 

Started backup to iCloud! Please be careful.
Your application might rejected by Apple if you store too much data.
For more information please read "iOS Data Storage Guidelines"
You could find it at the following address https://developer.apple.com/icloud/documentation/data-storage/ .

2014-07-31 20:33:37.669 HelloCordova[18508:70b] active
2014-07-31 20:33:37.803 HelloCordova[18508:70b] Resetting plugins due to page load.
2014-07-31 20:33:38.150 HelloCordova[18508:70b] Finished load of: file:///Users/lrossetti/Library/Application%20Support/iPhone%20Simulator/7.1/Applications/2020D733-6771-4DF8-B081-BA09D3ED5E92/HelloCordova.app/www/index.html#/login
2014-08-01 12:47:33.937 HelloCordova[18451:70b] Multi-tasking -> Device: YES, App: YES
2014-08-01 12:47:33.974 HelloCordova[18451:70b] Unlimited access to network resources
2014-08-01 12:47:33.985 HelloCordova[18451:70b] 

Started backup to iCloud! Please be careful.
Your application might rejected by Apple if you store too much data.
For more information please read "iOS Data Storage Guidelines"
You could find it at the following address https://developer.apple.com/icloud/documentation/data-storage/ .

2014-08-01 12:47:34.295 HelloCordova[18451:70b] active
2014-08-01 12:47:34.441 HelloCordova[18451:70b] Resetting plugins due to page load.
2014-08-01 12:47:34.767 HelloCordova[18451:70b] Finished load of: file:///Users/lrossetti/Library/Application%20Support/iPhone%20Simulator/7.1/Applications/2020D733-6771-4DF8-B081-BA09D3ED5E92/HelloCordova.app/www/index.html#/login
Terminating in response to SpringBoard's termination.
2014-08-01 12:48:33.171 HelloCordova[18666:70b] Multi-tasking -> Device: YES, App: YES
2014-08-01 12:48:33.182 HelloCordova[18666:70b] Unlimited access to network resources
2014-08-01 12:48:33.186 HelloCordova[18666:70b] 

Started backup to iCloud! Please be careful.
Your application might rejected by Apple if you store too much data.
For more information please read "iOS Data Storage Guidelines"
You could find it at the following address https://developer.apple.com/icloud/documentation/data-storage/ .

2014-08-01 12:48:33.219 HelloCordova[18666:70b] active
2014-08-01 12:48:33.368 HelloCordova[18666:70b] Resetting plugins due to page load.
2014-08-01 12:48:33.641 HelloCordova[18666:70b] Finished load of: file:///Users/lrossetti/Library/Application%20Support/iPhone%20Simulator/7.1/Applications/2020D733-6771-4DF8-B081-BA09D3ED5E92/HelloCordova.app/www/index.html#/login
2014-08-12 20:27:35.810 HelloCordova[43653:70b] Multi-tasking -> Device: YES, App: YES
2014-08-12 20:27:35.822 HelloCordova[43653:70b] Unlimited access to network resources
2014-08-12 20:27:35.826 HelloCordova[43653:70b] 

Started backup to iCloud! Please be careful.
Your application might rejected by Apple if you store too much data.
For more information please read "iOS Data Storage Guidelines"
You could find it at the following address https://developer.apple.com/icloud/documentation/data-storage/ .

2014-08-12 20:27:35.863 HelloCordova[43653:70b] active
2014-08-12 20:27:36.003 HelloCordova[43653:70b] Resetting plugins due to page load.
2014-08-12 20:27:36.310 HelloCordova[43653:70b] Finished load of: file:///Users/lrossetti/Library/Application%20Support/iPhone%20Simulator/7.1/Applications/2020D733-6771-4DF8-B081-BA09D3ED5E92/HelloCordova.app/www/index.html#/login
2014-08-12 20:28:00.943 HelloCordova[43844:70b] Multi-tasking -> Device: YES, App: YES
2014-08-12 20:28:00.955 HelloCordova[43844:70b] Unlimited access to network resources
2014-08-12 20:28:00.959 HelloCordova[43844:70b] 

Started backup to iCloud! Please be careful.
Your application might rejected by Apple if you store too much data.
For more information please read "iOS Data Storage Guidelines"
You could find it at the following address https://developer.apple.com/icloud/documentation/data-storage/ .

2014-08-12 20:28:00.992 HelloCordova[43844:70b] active
2014-08-12 20:28:01.136 HelloCordova[43844:70b] Resetting plugins due to page load.
2014-08-12 20:28:01.451 HelloCordova[43844:70b] Finished load of: file:///Users/lrossetti/Library/Application%20Support/iPhone%20Simulator/7.1/Applications/2020D733-6771-4DF8-B081-BA09D3ED5E92/HelloCordova.app/www/index.html#/login
Terminating in response to SpringBoard's termination.
2014-08-12 20:31:05.722 HelloCordova[45103:70b] Multi-tasking -> Device: YES, App: YES
2014-08-12 20:31:05.734 HelloCordova[45103:70b] Unlimited access to network resources
2014-08-12 20:31:05.738 HelloCordova[45103:70b] 

Started backup to iCloud! Please be careful.
Your application might rejected by Apple if you store too much data.
For more information please read "iOS Data Storage Guidelines"
You could find it at the following address https://developer.apple.com/icloud/documentation/data-storage/ .

2014-08-12 20:31:05.772 HelloCordova[45103:70b] active
2014-08-12 20:31:05.944 HelloCordova[45103:70b] Resetting plugins due to page load.
2014-08-12 20:31:06.207 HelloCordova[45103:70b] Finished load of: file:///Users/lrossetti/Library/Application%20Support/iPhone%20Simulator/7.1/Applications/2020D733-6771-4DF8-B081-BA09D3ED5E92/HelloCordova.app/www/index.html#/home
2014-08-12 20:31:45.593 HelloCordova[45423:70b] Multi-tasking -> Device: YES, App: YES
2014-08-12 20:31:45.605 HelloCordova[45423:70b] Unlimited access to network resources
2014-08-12 20:31:45.609 HelloCordova[45423:70b] 

Started backup to iCloud! Please be careful.
Your application might rejected by Apple if you store too much data.
For more information please read "iOS Data Storage Guidelines"
You could find it at the following address https://developer.apple.com/icloud/documentation/data-storage/ .

2014-08-12 20:31:45.647 HelloCordova[45423:70b] active
2014-08-12 20:31:45.796 HelloCordova[45423:70b] Resetting plugins due to page load.
2014-08-12 20:31:46.074 HelloCordova[45423:70b] Finished load of: file:///Users/lrossetti/Library/Application%20Support/iPhone%20Simulator/7.1/Applications/2020D733-6771-4DF8-B081-BA09D3ED5E92/HelloCordova.app/www/index.html#/home
2014-08-12 20:36:58.806 HelloCordova[45423:70b] active
